<?xml version="1.0" encoding="UTF-8"?>
<!-- Generated by org.testng.reporters.JUnitReportReporter -->
<testsuite hostname="HP-EliteBook-840-G3" failures="0" tests="3" name="HTTPRequest.HTTPMethods" time="9.860" errors="0" timestamp="2023-10-05T01:21:39 BDT" skipped="0">
  <testcase classname="HTTPRequest.HTTPMethods" name="getUsers" time="8.114"/>
  <testcase classname="HTTPRequest.HTTPMethods" name="createUser" time="1.132"/>
  <testcase classname="HTTPRequest.HTTPMethods" name="updateUser" time="0.614"/>
</testsuite> <!-- HTTPRequest.HTTPMethods -->
