<?xml version="1.0" encoding="UTF-8"?>
<!-- Generated by org.testng.reporters.JUnitReportReporter -->
<testsuite hostname="HP-EliteBook-840-G3" failures="0" tests="1" name="parsingJsonResponse.ParsingJsonResponseData" time="2.333" errors="0" timestamp="2023-10-26T02:36:20 BDT" skipped="0">
  <testcase classname="parsingJsonResponse.ParsingJsonResponseData" name="testJsonResponse" time="2.333"/>
</testsuite> <!-- parsingJsonResponse.ParsingJsonResponseData -->
