<?xml version="1.0" encoding="UTF-8"?>
<!-- Generated by org.testng.reporters.JUnitReportReporter -->
<testsuite hostname="HP-EliteBook-840-G3" failures="0" tests="3" name="Authorizations.Authetication" time="10.152" errors="0" timestamp="2023-10-24T18:03:38 BDT" skipped="0">
  <testcase classname="Authorizations.Authetication" name="testBasicAuthentication" time="6.230"/>
  <testcase classname="Authorizations.Authetication" name="testDigestAuthentication" time="1.945"/>
  <testcase classname="Authorizations.Authetication" name="testBearerTokenAuthentication" time="1.977"/>
</testsuite> <!-- Authorizations.Authetication -->
